# JRE version: Java(TM) SE Runtime Environment (8.0_111-b14) (build 1.8.0_111-b14)
# Java VM: Java HotSpot(TM) 64-Bit Server VM (25.111-b14 mixed mode windows-amd64 compressed oops)
Heap:
 PSYoungGen      total 25600K, used 10437K [0x0000000780600000, 0x0000000782c80000, 0x00000007c0000000)
  eden space 16896K, 37% used [0x0000000780600000,0x0000000780c428c0,0x0000000781680000)
  from space 8704K, 46% used [0x0000000781f80000,0x000000078236ee40,0x0000000782800000)
  to   space 9216K, 0% used [0x0000000781680000,0x0000000781680000,0x0000000781f80000)
 ParOldGen       total 23552K, used 14085K [0x0000000701200000, 0x0000000702900000, 0x0000000780600000)
  object space 23552K, 59% used [0x0000000701200000,0x0000000701fc17e8,0x0000000702900000)
 Metaspace       used 9824K, capacity 10110K, committed 10368K, reserved 1058816K
  class space    used 1094K, capacity 1138K, committed 1152K, reserved 1048576K
GC Heap History (10 events):
Event: 1.439 GC heap before
{Heap before GC invocations=8 (full 1):
 PSYoungGen      total 13824K, used 2544K [0x0000000780600000, 0x0000000782600000, 0x00000007c0000000)
  eden space 11264K, 0% used [0x0000000780600000,0x0000000780600000,0x0000000781100000)
  from space 2560K, 99% used [0x0000000781100000,0x000000078137c260,0x0000000781380000)
  to   space 5120K, 0% used [0x0000000782100000,0x0000000782100000,0x0000000782600000)
 ParOldGen       total 7680K, used 7387K [0x0000000701200000, 0x0000000701980000, 0x0000000780600000)
  object space 7680K, 96% used [0x0000000701200000,0x0000000701936db0,0x0000000701980000)
 Metaspace       used 7609K, capacity 8372K, committed 8704K, reserved 1056768K
  class space    used 903K, capacity 944K, committed 1024K, reserved 1048576K
Event: 1.572 GC heap after
Heap after GC invocations=8 (full 1):
 PSYoungGen      total 13824K, used 2029K [0x0000000780600000, 0x0000000782600000, 0x00000007c0000000)
  eden space 11264K, 0% used [0x0000000780600000,0x0000000780600000,0x0000000781100000)
  from space 2560K, 79% used [0x0000000781100000,0x00000007812fb4b8,0x0000000781380000)
  to   space 5120K, 0% used [0x0000000782100000,0x0000000782100000,0x0000000782600000)
 ParOldGen       total 14336K, used 7644K [0x0000000701200000, 0x0000000702000000, 0x0000000780600000)
  object space 14336K, 53% used [0x0000000701200000,0x0000000701977218,0x0000000702000000)
 Metaspace       used 7609K, capacity 8372K, committed 8704K, reserved 1056768K
  class space    used 903K, capacity 944K, committed 1024K, reserved 1048576K
}
Event: 1.718 GC heap before
{Heap before GC invocations=9 (full 1):
 PSYoungGen      total 13824K, used 13293K [0x0000000780600000, 0x0000000782600000, 0x00000007c0000000)
  eden space 11264K, 100% used [0x0000000780600000,0x0000000781100000,0x0000000781100000)
  from space 2560K, 79% used [0x0000000781100000,0x00000007812fb4b8,0x0000000781380000)
  to   space 5120K, 0% used [0x0000000782100000,0x0000000782100000,0x0000000782600000)
 ParOldGen       total 14336K, used 7644K [0x0000000701200000, 0x0000000702000000, 0x0000000780600000)
  object space 14336K, 53% used [0x0000000701200000,0x0000000701977218,0x0000000702000000)
 Metaspace       used 7794K, capacity 8500K, committed 8704K, reserved 1056768K
  class space    used 918K, capacity 944K, committed 1024K, reserved 1048576K
Event: 1.728 GC heap after
Heap after GC invocations=9 (full 1):
 PSYoungGen      total 19456K, used 5108K [0x0000000780600000, 0x0000000782600000, 0x00000007c0000000)
  eden space 14336K, 0% used [0x0000000780600000,0x0000000780600000,0x0000000781400000)
  from space 5120K, 99% used [0x0000000782100000,0x00000007825fd248,0x0000000782600000)
  to   space 6656K, 0% used [0x0000000781900000,0x0000000781900000,0x0000000781f80000)
 ParOldGen       total 14336K, used 8724K [0x0000000701200000, 0x0000000702000000, 0x0000000780600000)
  object space 14336K, 60% used [0x0000000701200000,0x0000000701a85218,0x0000000702000000)
 Metaspace       used 7794K, capacity 8500K, committed 8704K, reserved 1056768K
  class space    used 918K, capacity 944K, committed 1024K, reserved 1048576K
}
Event: 1.938 GC heap before
{Heap before GC invocations=10 (full 1):
 PSYoungGen      total 19456K, used 19444K [0x0000000780600000, 0x0000000782600000, 0x00000007c0000000)
  eden space 14336K, 100% used [0x0000000780600000,0x0000000781400000,0x0000000781400000)
  from space 5120K, 99% used [0x0000000782100000,0x00000007825fd248,0x0000000782600000)
  to   space 6656K, 0% used [0x0000000781900000,0x0000000781900000,0x0000000781f80000)
 ParOldGen       total 14336K, used 8724K [0x0000000701200000, 0x0000000702000000, 0x0000000780600000)
  object space 14336K, 60% used [0x0000000701200000,0x0000000701a85218,0x0000000702000000)
 Metaspace       used 8007K, capacity 8692K, committed 8960K, reserved 1056768K
  class space    used 922K, capacity 944K, committed 1024K, reserved 1048576K
Event: 1.951 GC heap after
Heap after GC invocations=10 (full 1):
 PSYoungGen      total 24064K, used 6631K [0x0000000780600000, 0x0000000782800000, 0x00000007c0000000)
  eden space 17408K, 0% used [0x0000000780600000,0x0000000780600000,0x0000000781700000)
  from space 6656K, 99% used [0x0000000781900000,0x0000000781f79e50,0x0000000781f80000)
  to   space 8704K, 0% used [0x0000000781f80000,0x0000000781f80000,0x0000000782800000)
 ParOldGen       total 14336K, used 10065K [0x0000000701200000, 0x0000000702000000, 0x0000000780600000)
  object space 14336K, 70% used [0x0000000701200000,0x0000000701bd4688,0x0000000702000000)
 Metaspace       used 8007K, capacity 8692K, committed 8960K, reserved 1056768K
  class space    used 922K, capacity 944K, committed 1024K, reserved 1048576K
}
Event: 2.544 GC heap before
{Heap before GC invocations=11 (full 1):
 PSYoungGen      total 24064K, used 24039K [0x0000000780600000, 0x0000000782800000, 0x00000007c0000000)
  eden space 17408K, 100% used [0x0000000780600000,0x0000000781700000,0x0000000781700000)
  from space 6656K, 99% used [0x0000000781900000,0x0000000781f79e50,0x0000000781f80000)
  to   space 8704K, 0% used [0x0000000781f80000,0x0000000781f80000,0x0000000782800000)
 ParOldGen       total 14336K, used 10065K [0x0000000701200000, 0x0000000702000000, 0x0000000780600000)
  object space 14336K, 70% used [0x0000000701200000,0x0000000701bd4688,0x0000000702000000)
 Metaspace       used 9429K, capacity 9822K, committed 10112K, reserved 1058816K
  class space    used 1055K, capacity 1106K, committed 1152K, reserved 1048576K
Event: 2.564 GC heap after
Heap after GC invocations=11 (full 1):
 PSYoungGen      total 25600K, used 5659K [0x0000000780600000, 0x0000000782c80000, 0x00000007c0000000)
  eden space 16896K, 0% used [0x0000000780600000,0x0000000780600000,0x0000000781680000)
  from space 8704K, 65% used [0x0000000781f80000,0x0000000782506ff8,0x0000000782800000)
  to   space 9216K, 0% used [0x0000000781680000,0x0000000781680000,0x0000000781f80000)
 ParOldGen       total 14336K, used 13858K [0x0000000701200000, 0x0000000702000000, 0x0000000780600000)
  object space 14336K, 96% used [0x0000000701200000,0x0000000701f88bf8,0x0000000702000000)
 Metaspace       used 9429K, capacity 9822K, committed 10112K, reserved 1058816K
  class space    used 1055K, capacity 1106K, committed 1152K, reserved 1048576K
}
Event: 2.564 GC heap before
{Heap before GC invocations=12 (full 2):
 PSYoungGen      total 25600K, used 5659K [0x0000000780600000, 0x0000000782c80000, 0x00000007c0000000)
  eden space 16896K, 0% used [0x0000000780600000,0x0000000780600000,0x0000000781680000)
  from space 8704K, 65% used [0x0000000781f80000,0x0000000782506ff8,0x0000000782800000)
  to   space 9216K, 0% used [0x0000000781680000,0x0000000781680000,0x0000000781f80000)
 ParOldGen       total 14336K, used 13858K [0x0000000701200000, 0x0000000702000000, 0x0000000780600000)
  object space 14336K, 96% used [0x0000000701200000,0x0000000701f88bf8,0x0000000702000000)
 Metaspace       used 9429K, capacity 9822K, committed 10112K, reserved 1058816K
  class space    used 1055K, capacity 1106K, committed 1152K, reserved 1048576K
Event: 2.734 GC heap after
Heap after GC invocations=12 (full 2):
 PSYoungGen      total 25600K, used 4027K [0x0000000780600000, 0x0000000782c80000, 0x00000007c0000000)
  eden space 16896K, 0% used [0x0000000780600000,0x0000000780600000,0x0000000781680000)
  from space 8704K, 46% used [0x0000000781f80000,0x000000078236ee40,0x0000000782800000)
  to   space 9216K, 0% used [0x0000000781680000,0x0000000781680000,0x0000000781f80000)
 ParOldGen       total 23552K, used 14085K [0x0000000701200000, 0x0000000702900000, 0x0000000780600000)
  object space 23552K, 59% used [0x0000000701200000,0x0000000701fc17e8,0x0000000702900000)
 Metaspace       used 9429K, capacity 9822K, committed 10112K, reserved 1058816K
  class space    used 1055K, capacity 1106K, committed 1152K, reserved 1048576K
}

